<?xml version="1.0" encoding="UTF-8"?>
<!-- Generated by org.testng.reporters.JUnitReportReporter -->
<testsuite hostname="User-PC" failures="0" tests="1" name="batchExecutionClasses.R15" time="27.881" errors="0" timestamp="2024-07-15T11:34:02 IST" skipped="0">
  <testcase classname="batchExecutionClasses.R15" name="r15" time="27.881"/>
  <system-out/>
</testsuite> <!-- batchExecutionClasses.R15 -->
