<?xml version="1.0" encoding="UTF-8"?>
<!-- Generated by org.testng.reporters.JUnitReportReporter -->
<testsuite hostname="User-PC" failures="0" tests="2" name="batchExecutionClasses.Jawa" time="0.012" errors="0" timestamp="2024-07-15T11:34:02 IST" skipped="0">
  <testcase classname="batchExecutionClasses.Jawa" name="executeScript2" time="0.007"/>
  <system-out>
    <![CDATA[Executing TestCase 2]]>
  </system-out>
  <testcase classname="batchExecutionClasses.Jawa" name="executeScript1" time="0.005"/>
  <system-out>
    <![CDATA[Executing TestCase 1]]>
  </system-out>
</testsuite> <!-- batchExecutionClasses.Jawa -->
