<?xml version="1.0" encoding="UTF-8"?>
<!-- Generated by org.testng.reporters.JUnitReportReporter -->
<testsuite hostname="User-PC" failures="0" tests="1" name="GroupExecutionClasses.VickyKaushal" time="6.695" errors="0" timestamp="2024-07-23T21:09:30 IST" skipped="0">
  <testcase classname="GroupExecutionClasses.VickyKaushal" name="executeScript" time="6.695"/>
  <system-out>
    <![CDATA[Vicky]]>
  </system-out>
</testsuite> <!-- GroupExecutionClasses.VickyKaushal -->
