<?xml version="1.0" encoding="UTF-8"?>
<!-- Generated by org.testng.reporters.JUnitReportReporter -->
<testsuite hostname="User-PC" failures="0" tests="1" name="GroupExecutionClasses.Yash" time="8.614" errors="0" timestamp="2024-07-23T21:09:30 IST" skipped="0">
  <testcase classname="GroupExecutionClasses.Yash" name="executeScript" time="8.614"/>
  <system-out>
    <![CDATA[Yash]]>
  </system-out>
</testsuite> <!-- GroupExecutionClasses.Yash -->
