<?xml version="1.0" encoding="UTF-8"?>
<!-- Generated by org.testng.reporters.JUnitReportReporter -->
<testsuite hostname="User-PC" failures="0" tests="2" name="TestScripts.ToCheckTestNGWorkingOrNot" time="0.017" errors="0" timestamp="2024-07-23T21:00:40 IST" skipped="0">
  <testcase classname="TestScripts.ToCheckTestNGWorkingOrNot" name="executeScript2" time="0.014"/>
  <system-out>
    <![CDATA[Executing TestCase 2]]>
  </system-out>
  <testcase classname="TestScripts.ToCheckTestNGWorkingOrNot" name="executeScript1" time="0.003"/>
  <system-out>
    <![CDATA[Executing TestCase 1]]>
  </system-out>
</testsuite> <!-- TestScripts.ToCheckTestNGWorkingOrNot -->
