<?xml version="1.0" encoding="UTF-8"?>
<!-- Generated by org.testng.reporters.JUnitReportReporter -->
<testsuite hostname="User-PC" failures="0" tests="1" name="batchExecutionClasses.Hayabusa" time="15.399" errors="0" timestamp="2024-07-15T11:34:02 IST" skipped="0">
  <testcase classname="batchExecutionClasses.Hayabusa" name="hayabusa" time="15.399"/>
  <system-out/>
</testsuite> <!-- batchExecutionClasses.Hayabusa -->
