<?xml version="1.0" encoding="UTF-8"?>
<!-- Generated by org.testng.reporters.JUnitReportReporter -->
<testsuite hostname="User-PC" failures="0" tests="1" name="batchExecutionClasses.R15" time="121.484" errors="0" timestamp="2024-07-13T16:25:57 IST" skipped="0">
  <testcase classname="batchExecutionClasses.R15" name="r15" time="121.484"/>
  <system-out/>
</testsuite> <!-- batchExecutionClasses.R15 -->
