<?xml version="1.0" encoding="UTF-8"?>
<!-- Generated by org.testng.reporters.JUnitReportReporter -->
<testsuite hostname="User-PC" failures="0" tests="1" name="GroupExecutionClasses.MaheshBabu" time="8.514" errors="0" timestamp="2024-07-16T00:03:36 IST" skipped="0">
  <testcase classname="GroupExecutionClasses.MaheshBabu" name="executeScript" time="8.514"/>
  <system-out>
    <![CDATA[Mahesh]]>
  </system-out>
</testsuite> <!-- GroupExecutionClasses.MaheshBabu -->
