<?xml version="1.0" encoding="UTF-8"?>
<!-- Generated by org.testng.reporters.JUnitReportReporter -->
<testsuite hostname="User-PC" failures="0" tests="1" name="batchExecutionClasses.Meesho" time="36.569" errors="0" timestamp="2024-07-15T15:39:01 IST" skipped="0">
  <testcase classname="batchExecutionClasses.Meesho" name="meesho" time="36.569"/>
  <system-out/>
</testsuite> <!-- batchExecutionClasses.Meesho -->
