<?xml version="1.0" encoding="UTF-8"?>
<!-- Generated by org.testng.reporters.JUnitReportReporter -->
<testsuite hostname="User-PC" failures="0" tests="1" name="batchExecutionClasses.Hayabusa" time="64.392" errors="0" timestamp="2024-07-13T16:25:57 IST" skipped="0">
  <testcase classname="batchExecutionClasses.Hayabusa" name="hayabusa" time="64.392"/>
  <system-out/>
</testsuite> <!-- batchExecutionClasses.Hayabusa -->
